#
# A fatal error has been detected by the Java Runtime Environment:
#
#  EXCEPTION_ACCESS_VIOLATION (0xc0000005) at pc=0x00007fff8389268d, pid=8012, tid=0x00000000000031f8
#
# JRE version: Java(TM) SE Runtime Environment (8.0_131-b11) (build 1.8.0_131-b11)
# Java VM: Java HotSpot(TM) 64-Bit Server VM (25.131-b11 mixed mode windows-amd64 compressed oops)
# Problematic frame:
# C  [lwjgl_opengl.dll+0x1268d]
#
# Failed to write core dump. Minidumps are not enabled by default on client versions of Windows
#
# If you would like to submit a bug report, please visit:
#   http://bugreport.java.com/bugreport/crash.jsp
# The crash happened outside the Java Virtual Machine in native code.
# See problematic frame for where to report the bug.
#

---------------  T H R E A D  ---------------

Current thread (0x0000000015b8a800):  JavaThread "Finalizer" daemon [_thread_in_native, id=12792, stack(0x0000000016df0000,0x0000000016ef0000)]

siginfo: ExceptionCode=0xc0000005, reading address 0x0000000000000948

Registers:
RAX=0x0000000063110d50, RBX=0x000000001576b4c0, RCX=0x0000000000000001, RDX=0x0000000017f9896c
RSP=0x0000000016eeef58, RBP=0x0000000016eeefd8, RSI=0x0000000017f9896c, RDI=0x000000000274835d
R8 =0x0000000000000001, R9 =0x0000000017f9896c, R10=0x0000000000000000, R11=0x0000000062b9bd80
R12=0x0000000000000000, R13=0x000000001576b4c0, R14=0x0000000016eef008, R15=0x0000000015b8a800
RIP=0x00007fff8389268d, EFLAGS=0x0000000000010206

Top of Stack: (sp=0x0000000016eeef58)
0x0000000016eeef58:   0000000002757934 000000000274835d
0x0000000016eeef68:   00000000027576ab 0000000015b8a800
0x0000000016eeef78:   000000001576b4c0 0000000017f9896c
0x0000000016eeef88:   0000000015b8a800 0000000002757662
0x0000000016eeef98:   0000000016eeef98 000000001576b4c0
0x0000000016eeefa8:   0000000016eef008 00000000157707d8
0x0000000016eeefb8:   0000000000000000 000000001576b4c0
0x0000000016eeefc8:   0000000000000000 0000000016eeeff8
0x0000000016eeefd8:   0000000016eef050 000000000274835d
0x0000000016eeefe8:   00000000e48a7af8 00000000027519d8
0x0000000016eeeff8:   0000000017f9896c 00000000e2f6faf8
0x0000000016eef008:   0000000000000001 0000000016eef010
0x0000000016eef018:   000000001576b634 0000000016eef080
0x0000000016eef028:   00000000157707d8 0000000000000000
0x0000000016eef038:   000000001576b6a8 0000000016eeeff8
0x0000000016eef048:   0000000016eef080 0000000016eef0c8 

Instructions: (pc=0x00007fff8389268d)
0x00007fff8389266d:   49 ff a2 e8 00 00 00 cc cc cc cc cc cc cc cc cc
0x00007fff8389267d:   cc cc cc 48 8b 01 49 8b d1 41 8b c8 4c 8b 50 18
0x00007fff8389268d:   49 ff a2 48 09 00 00 cc cc cc cc cc cc cc cc cc
0x00007fff8389269d:   cc cc cc 48 8b 01 49 8b d1 41 8b c8 4c 8b 50 18 


Register to memory mapping:

RAX=0x0000000063110d50 is an unknown value
RBX={method} {0x000000001576b4c8} 'nglDeleteBuffers' '(IJ)V' in 'org/lwjgl/opengl/GL15'
RCX=0x0000000000000001 is an unknown value
RDX=0x0000000017f9896c is an unknown value
RSP=0x0000000016eeef58 is pointing into the stack for thread: 0x0000000015b8a800
RBP=0x0000000016eeefd8 is pointing into the stack for thread: 0x0000000015b8a800
RSI=0x0000000017f9896c is an unknown value
RDI=0x000000000274835d is at code_begin+2301 in an Interpreter codelet
invoke return entry points  [0x0000000002747a60, 0x0000000002748440]  2528 bytes
R8 =0x0000000000000001 is an unknown value
R9 =0x0000000017f9896c is an unknown value
R10=0x0000000000000000 is an unknown value
R11=0x0000000062b9bd80 is an unknown value
R12=0x0000000000000000 is an unknown value
R13={method} {0x000000001576b4c8} 'nglDeleteBuffers' '(IJ)V' in 'org/lwjgl/opengl/GL15'
R14=0x0000000016eef008 is pointing into the stack for thread: 0x0000000015b8a800
R15=0x0000000015b8a800 is a thread


Stack: [0x0000000016df0000,0x0000000016ef0000],  sp=0x0000000016eeef58,  free space=1019k
Native frames: (J=compiled Java code, j=interpreted, Vv=VM code, C=native code)
C  [lwjgl_opengl.dll+0x1268d]

Java frames: (J=compiled Java code, j=interpreted, Vv=VM code)
j  org.lwjgl.opengl.GL15.nglDeleteBuffers(IJ)V+0
j  org.lwjgl.opengl.GL15.glDeleteBuffers(I)V+20
j  render.Model.finalize()V+4
J 870 C1 java.lang.ref.Finalizer.runFinalizer(Lsun/misc/JavaLangAccess;)V (62 bytes) @ 0x0000000002a8738c [0x0000000002a86e00+0x58c]
J 869 C1 java.lang.ref.Finalizer.access$100(Ljava/lang/ref/Finalizer;Lsun/misc/JavaLangAccess;)V (6 bytes) @ 0x0000000002a86a9c [0x0000000002a86a40+0x5c]
j  java.lang.ref.Finalizer$FinalizerThread.run()V+45
v  ~StubRoutines::call_stub

---------------  P R O C E S S  ---------------

Java Threads: ( => current thread )
  0x0000000017d1c000 JavaThread "Java2D Disposer" daemon [_thread_blocked, id=11288, stack(0x000000001f4d0000,0x000000001f5d0000)]
  0x00000000174fe000 JavaThread "Service Thread" daemon [_thread_blocked, id=13104, stack(0x00000000178e0000,0x00000000179e0000)]
  0x0000000015ba7800 JavaThread "C1 CompilerThread2" daemon [_thread_in_native, id=3824, stack(0x00000000173e0000,0x00000000174e0000)]
  0x0000000015ba4800 JavaThread "C2 CompilerThread1" daemon [_thread_in_vm, id=3880, stack(0x00000000172e0000,0x00000000173e0000)]
  0x0000000015b9d800 JavaThread "C2 CompilerThread0" daemon [_thread_in_native, id=10308, stack(0x00000000171e0000,0x00000000172e0000)]
  0x0000000015b9b800 JavaThread "Attach Listener" daemon [_thread_blocked, id=11300, stack(0x00000000170e0000,0x00000000171e0000)]
  0x0000000015b9a800 JavaThread "Signal Dispatcher" daemon [_thread_blocked, id=11964, stack(0x0000000016fe0000,0x00000000170e0000)]
=>0x0000000015b8a800 JavaThread "Finalizer" daemon [_thread_in_native, id=12792, stack(0x0000000016df0000,0x0000000016ef0000)]
  0x0000000002730000 JavaThread "Reference Handler" daemon [_thread_blocked, id=2596, stack(0x0000000016cf0000,0x0000000016df0000)]
  0x000000000263e000 JavaThread "main" [_thread_in_native, id=6924, stack(0x0000000002460000,0x0000000002560000)]

Other Threads:
  0x0000000015b67800 VMThread [stack: 0x0000000016bf0000,0x0000000016cf0000] [id=4312]
  0x000000001750b000 WatcherThread [stack: 0x00000000179e0000,0x0000000017ae0000] [id=9504]

VM state:not at safepoint (normal execution)

VM Mutex/Monitor currently owned by a thread: None

Heap:
 PSYoungGen      total 26112K, used 3747K [0x00000000e2f00000, 0x00000000e4c00000, 0x0000000100000000)
  eden space 22528K, 6% used [0x00000000e2f00000,0x00000000e3074768,0x00000000e4500000)
  from space 3584K, 62% used [0x00000000e4880000,0x00000000e4ab45c0,0x00000000e4c00000)
  to   space 3584K, 0% used [0x00000000e4500000,0x00000000e4500000,0x00000000e4880000)
 ParOldGen       total 60416K, used 555K [0x00000000a8c00000, 0x00000000ac700000, 0x00000000e2f00000)
  object space 60416K, 0% used [0x00000000a8c00000,0x00000000a8c8af48,0x00000000ac700000)
 Metaspace       used 11568K, capacity 11797K, committed 11904K, reserved 1060864K
  class space    used 972K, capacity 1069K, committed 1152K, reserved 1048576K

Card table byte_map: [0x0000000011b00000,0x0000000011dc0000] byte_map_base: 0x00000000115ba000

Marking Bits: (ParMarkBitMap*) 0x000000006318c720
 Begin Bits: [0x00000000123a0000, 0x0000000013970000)
 End Bits:   [0x0000000013970000, 0x0000000014f40000)

Polling page: 0x0000000000c60000

CodeCache: size=245760Kb used=4202Kb max_used=4212Kb free=241557Kb
 bounds [0x0000000002740000, 0x0000000002b60000, 0x0000000011740000]
 total_blobs=2088 nmethods=1213 adapters=789
 compilation: enabled

Compilation events (10 events):
Event: 4.663 Thread 0x0000000015ba7800 nmethod 1188 0x0000000002b4dcd0 code [0x0000000002b4de40, 0x0000000002b4e290]
Event: 4.663 Thread 0x0000000015ba7800 1190       3       entity.Entity::useAnimation (6 bytes)
Event: 4.664 Thread 0x0000000015ba7800 nmethod 1190 0x0000000002b4d990 code [0x0000000002b4dae0, 0x0000000002b4dc30]
Event: 4.664 Thread 0x0000000015ba7800 1189       3       entity.Entity::move (228 bytes)
Event: 4.666 Thread 0x0000000015ba7800 nmethod 1189 0x0000000002b4cb10 code [0x0000000002b4cd20, 0x0000000002b4d588]
Event: 4.667 Thread 0x0000000015ba7800 1192       1       org.joml.Vector2f::x (5 bytes)
Event: 4.668 Thread 0x0000000015ba7800 nmethod 1192 0x0000000002b52050 code [0x0000000002b521a0, 0x0000000002b522b0]
Event: 4.668 Thread 0x0000000015ba7800 1193       1       org.joml.Vector2f::y (5 bytes)
Event: 4.668 Thread 0x0000000015ba7800 nmethod 1193 0x0000000002b4c850 code [0x0000000002b4c9a0, 0x0000000002b4cab0]
Event: 4.669 Thread 0x0000000015ba7800 1194  s    3       java.util.Hashtable::remove (133 bytes)

GC Heap History (4 events):
Event: 3.491 GC heap before
{Heap before GC invocations=1 (full 0):
 PSYoungGen      total 26112K, used 22528K [0x00000000e2f00000, 0x00000000e4c00000, 0x0000000100000000)
  eden space 22528K, 100% used [0x00000000e2f00000,0x00000000e4500000,0x00000000e4500000)
  from space 3584K, 0% used [0x00000000e4880000,0x00000000e4880000,0x00000000e4c00000)
  to   space 3584K, 0% used [0x00000000e4500000,0x00000000e4500000,0x00000000e4880000)
 ParOldGen       total 60416K, used 0K [0x00000000a8c00000, 0x00000000ac700000, 0x00000000e2f00000)
  object space 60416K, 0% used [0x00000000a8c00000,0x00000000a8c00000,0x00000000ac700000)
 Metaspace       used 11316K, capacity 11541K, committed 11648K, reserved 1060864K
  class space    used 968K, capacity 1069K, committed 1152K, reserved 1048576K
Event: 3.505 GC heap after
Heap after GC invocations=1 (full 0):
 PSYoungGen      total 26112K, used 3578K [0x00000000e2f00000, 0x00000000e4c00000, 0x0000000100000000)
  eden space 22528K, 0% used [0x00000000e2f00000,0x00000000e2f00000,0x00000000e4500000)
  from space 3584K, 99% used [0x00000000e4500000,0x00000000e487e918,0x00000000e4880000)
  to   space 3584K, 0% used [0x00000000e4880000,0x00000000e4880000,0x00000000e4c00000)
 ParOldGen       total 60416K, used 547K [0x00000000a8c00000, 0x00000000ac700000, 0x00000000e2f00000)
  object space 60416K, 0% used [0x00000000a8c00000,0x00000000a8c88f48,0x00000000ac700000)
 Metaspace       used 11316K, capacity 11541K, committed 11648K, reserved 1060864K
  class space    used 968K, capacity 1069K, committed 1152K, reserved 1048576K
}
Event: 4.652 GC heap before
{Heap before GC invocations=2 (full 0):
 PSYoungGen      total 26112K, used 26106K [0x00000000e2f00000, 0x00000000e4c00000, 0x0000000100000000)
  eden space 22528K, 100% used [0x00000000e2f00000,0x00000000e4500000,0x00000000e4500000)
  from space 3584K, 99% used [0x00000000e4500000,0x00000000e487e918,0x00000000e4880000)
  to   space 3584K, 0% used [0x00000000e4880000,0x00000000e4880000,0x00000000e4c00000)
 ParOldGen       total 60416K, used 547K [0x00000000a8c00000, 0x00000000ac700000, 0x00000000e2f00000)
  object space 60416K, 0% used [0x00000000a8c00000,0x00000000a8c88f48,0x00000000ac700000)
 Metaspace       used 11557K, capacity 11797K, committed 11904K, reserved 1060864K
  class space    used 972K, capacity 1069K, committed 1152K, reserved 1048576K
Event: 4.660 GC heap after
Heap after GC invocations=2 (full 0):
 PSYoungGen      total 26112K, used 2257K [0x00000000e2f00000, 0x00000000e4c00000, 0x0000000100000000)
  eden space 22528K, 0% used [0x00000000e2f00000,0x00000000e2f00000,0x00000000e4500000)
  from space 3584K, 62% used [0x00000000e4880000,0x00000000e4ab45c0,0x00000000e4c00000)
  to   space 3584K, 0% used [0x00000000e4500000,0x00000000e4500000,0x00000000e4880000)
 ParOldGen       total 60416K, used 555K [0x00000000a8c00000, 0x00000000ac700000, 0x00000000e2f00000)
  object space 60416K, 0% used [0x00000000a8c00000,0x00000000a8c8af48,0x00000000ac700000)
 Metaspace       used 11557K, capacity 11797K, committed 11904K, reserved 1060864K
  class space    used 972K, capacity 1069K, committed 1152K, reserved 1048576K
}

Deoptimization events (2 events):
Event: 4.395 Thread 0x000000000263e000 Uncommon trap: reason=unstable_if action=reinterpret pc=0x0000000002ac9c00 method=java.io.BufferedInputStream.read1([BII)I @ 68
Event: 4.396 Thread 0x000000000263e000 Uncommon trap: reason=unstable_if action=reinterpret pc=0x0000000002ad5db0 method=java.io.BufferedInputStream.read1([BII)I @ 68

Internal exceptions (10 events):
Event: 0.589 Thread 0x000000000263e000 Exception <a 'java/lang/NoSuchMethodError': java.lang.Object.lambda$static$0(Ljava/lang/String;)Ljava/lang/Boolean;> (0x00000000e31210b0) thrown at [C:\re\workspace\8-2-build-windows-amd64-cygwin\jdk8u131\8869\hotspot\src\share\vm\interpreter\linkResolver
Event: 0.640 Thread 0x000000000263e000 Exception <a 'java/lang/NoSuchFieldError': method resolution failed> (0x00000000e3199050) thrown at [C:\re\workspace\8-2-build-windows-amd64-cygwin\jdk8u131\8869\hotspot\src\share\vm\prims\methodHandles.cpp, line 1146]
Event: 0.647 Thread 0x000000000263e000 Exception <a 'java/lang/NoSuchFieldError': method resolution failed> (0x00000000e31a6478) thrown at [C:\re\workspace\8-2-build-windows-amd64-cygwin\jdk8u131\8869\hotspot\src\share\vm\prims\methodHandles.cpp, line 1146]
Event: 0.908 Thread 0x000000000263e000 Exception <a 'java/security/PrivilegedActionException'> (0x00000000e3343808) thrown at [C:\re\workspace\8-2-build-windows-amd64-cygwin\jdk8u131\8869\hotspot\src\share\vm\prims\jvm.cpp, line 1390]
Event: 0.908 Thread 0x000000000263e000 Exception <a 'java/security/PrivilegedActionException'> (0x00000000e3343a18) thrown at [C:\re\workspace\8-2-build-windows-amd64-cygwin\jdk8u131\8869\hotspot\src\share\vm\prims\jvm.cpp, line 1390]
Event: 0.913 Thread 0x000000000263e000 Exception <a 'java/security/PrivilegedActionException'> (0x00000000e3347870) thrown at [C:\re\workspace\8-2-build-windows-amd64-cygwin\jdk8u131\8869\hotspot\src\share\vm\prims\jvm.cpp, line 1390]
Event: 0.913 Thread 0x000000000263e000 Exception <a 'java/security/PrivilegedActionException'> (0x00000000e3347a80) thrown at [C:\re\workspace\8-2-build-windows-amd64-cygwin\jdk8u131\8869\hotspot\src\share\vm\prims\jvm.cpp, line 1390]
Event: 2.007 Thread 0x000000000263e000 Exception <a 'sun/nio/fs/WindowsException'> (0x00000000e353a098) thrown at [C:\re\workspace\8-2-build-windows-amd64-cygwin\jdk8u131\8869\hotspot\src\share\vm\prims\jni.cpp, line 709]
Event: 2.008 Thread 0x000000000263e000 Exception <a 'sun/nio/fs/WindowsException'> (0x00000000e353a8d0) thrown at [C:\re\workspace\8-2-build-windows-amd64-cygwin\jdk8u131\8869\hotspot\src\share\vm\prims\jni.cpp, line 709]
Event: 3.106 Thread 0x000000000263e000 Exception <a 'java/io/FileNotFoundException'> (0x00000000e3f35e98) thrown at [C:\re\workspace\8-2-build-windows-amd64-cygwin\jdk8u131\8869\hotspot\src\share\vm\prims\jni.cpp, line 709]

Events (10 events):
Event: 4.667 Executing VM operation: RevokeBias
Event: 4.668 Executing VM operation: RevokeBias done
Event: 4.668 Executing VM operation: RevokeBias
Event: 4.668 Executing VM operation: RevokeBias done
Event: 4.668 Executing VM operation: BulkRevokeBias
Event: 4.668 Executing VM operation: BulkRevokeBias done
Event: 4.668 Executing VM operation: RevokeBias
Event: 4.668 Executing VM operation: RevokeBias done
Event: 4.668 Executing VM operation: RevokeBias
Event: 4.669 Executing VM operation: RevokeBias done


Dynamic libraries:
0x00007ff6aabe0000 - 0x00007ff6aac17000 	C:\Program Files\Java\jre1.8.0_131\bin\javaw.exe
0x00007fff9b2c0000 - 0x00007fff9b49b000 	C:\WINDOWS\SYSTEM32\ntdll.dll
0x00007fff9b0a0000 - 0x00007fff9b14e000 	C:\WINDOWS\System32\KERNEL32.DLL
0x00007fff984d0000 - 0x00007fff98719000 	C:\WINDOWS\System32\KERNELBASE.dll
0x00007fff9ade0000 - 0x00007fff9ae81000 	C:\WINDOWS\System32\ADVAPI32.dll
0x00007fff9aef0000 - 0x00007fff9af8d000 	C:\WINDOWS\System32\msvcrt.dll
0x00007fff9ac70000 - 0x00007fff9acc9000 	C:\WINDOWS\System32\sechost.dll
0x00007fff9b150000 - 0x00007fff9b275000 	C:\WINDOWS\System32\RPCRT4.dll
0x00007fff9a820000 - 0x00007fff9a96a000 	C:\WINDOWS\System32\USER32.dll
0x00007fff97ab0000 - 0x00007fff97ace000 	C:\WINDOWS\System32\win32u.dll
0x00007fff98820000 - 0x00007fff98847000 	C:\WINDOWS\System32\GDI32.dll
0x00007fff97ad0000 - 0x00007fff97c57000 	C:\WINDOWS\System32\gdi32full.dll
0x00007fff97840000 - 0x00007fff978da000 	C:\WINDOWS\System32\msvcp_win.dll
0x00007fff97cd0000 - 0x00007fff97dc6000 	C:\WINDOWS\System32\ucrtbase.dll
0x00007fff8f8e0000 - 0x00007fff8fb47000 	C:\WINDOWS\WinSxS\amd64_microsoft.windows.common-controls_6595b64144ccf1df_6.0.15063.483_none_26002d27e7c744a2\COMCTL32.dll
0x00007fff9a970000 - 0x00007fff9ac69000 	C:\WINDOWS\System32\combase.dll
0x00007fff97c60000 - 0x00007fff97cca000 	C:\WINDOWS\System32\bcryptPrimitives.dll
0x00007fff9b280000 - 0x00007fff9b2ad000 	C:\WINDOWS\System32\IMM32.DLL
0x0000000064220000 - 0x00000000642f2000 	C:\Program Files\Java\jre1.8.0_131\bin\msvcr100.dll
0x0000000062970000 - 0x000000006320c000 	C:\Program Files\Java\jre1.8.0_131\bin\server\jvm.dll
0x00007fff9a150000 - 0x00007fff9a158000 	C:\WINDOWS\System32\PSAPI.DLL
0x00007fff92ce0000 - 0x00007fff92d03000 	C:\WINDOWS\SYSTEM32\WINMM.dll
0x00007fff922c0000 - 0x00007fff922ca000 	C:\WINDOWS\SYSTEM32\VERSION.dll
0x00007fff8b600000 - 0x00007fff8b609000 	C:\WINDOWS\SYSTEM32\WSOCK32.dll
0x00007fff9acd0000 - 0x00007fff9ad3c000 	C:\WINDOWS\System32\WS2_32.dll
0x00007fff92c80000 - 0x00007fff92cab000 	C:\WINDOWS\SYSTEM32\WINMMBASE.dll
0x00007fff98720000 - 0x00007fff98769000 	C:\WINDOWS\System32\cfgmgr32.dll
0x0000000064650000 - 0x000000006465f000 	C:\Program Files\Java\jre1.8.0_131\bin\verify.dll
0x0000000064620000 - 0x0000000064649000 	C:\Program Files\Java\jre1.8.0_131\bin\java.dll
0x0000000064600000 - 0x0000000064616000 	C:\Program Files\Java\jre1.8.0_131\bin\zip.dll
0x00007fff98c00000 - 0x00007fff9a036000 	C:\WINDOWS\System32\SHELL32.dll
0x00007fff9aff0000 - 0x00007fff9b09a000 	C:\WINDOWS\System32\shcore.dll
0x00007fff97dd0000 - 0x00007fff984c1000 	C:\WINDOWS\System32\windows.storage.dll
0x00007fff9af90000 - 0x00007fff9afe1000 	C:\WINDOWS\System32\shlwapi.dll
0x00007fff977a0000 - 0x00007fff977b1000 	C:\WINDOWS\System32\kernel.appcore.dll
0x00007fff97750000 - 0x00007fff9779c000 	C:\WINDOWS\System32\powrprof.dll
0x00007fff977c0000 - 0x00007fff977d5000 	C:\WINDOWS\System32\profapi.dll
0x00000000645e0000 - 0x00000000645fa000 	C:\Program Files\Java\jre1.8.0_131\bin\net.dll
0x00007fff96fe0000 - 0x00007fff9703c000 	C:\WINDOWS\system32\mswsock.dll
0x00000000645c0000 - 0x00000000645d1000 	C:\Program Files\Java\jre1.8.0_131\bin\nio.dll
0x00007fff85e10000 - 0x00007fff85e68000 	C:\Users\Craft Kids\AppData\Local\Temp\lwjglCraft Kids\3.1.4-SNAPSHOT\lwjgl.dll
0x00007fff84270000 - 0x00007fff842bd000 	C:\Users\CRAFTK~1\AppData\Local\Temp\lwjglCraft Kids\3.1.4-SNAPSHOT\glfw.dll
0x00007fff96010000 - 0x00007fff960a5000 	C:\WINDOWS\system32\uxtheme.dll
0x00007fff84220000 - 0x00007fff84262000 	C:\WINDOWS\SYSTEM32\dinput8.dll
0x00007fff87a20000 - 0x00007fff87a2e000 	C:\WINDOWS\SYSTEM32\xinput1_4.dll
0x00007fff96390000 - 0x00007fff963b8000 	C:\WINDOWS\SYSTEM32\DEVOBJ.dll
0x00007fff92fb0000 - 0x00007fff92fda000 	C:\WINDOWS\SYSTEM32\dwmapi.dll
0x00007fff9a5a0000 - 0x00007fff9a706000 	C:\WINDOWS\System32\MSCTF.dll
0x00007fff989f0000 - 0x00007fff98ab0000 	C:\WINDOWS\System32\OLEAUT32.dll
0x00007fff965f0000 - 0x00007fff965fd000 	C:\WINDOWS\SYSTEM32\HID.DLL
0x00007fff9a160000 - 0x00007fff9a59b000 	C:\WINDOWS\System32\SETUPAPI.DLL
0x00007fff977e0000 - 0x00007fff97836000 	C:\WINDOWS\System32\WINTRUST.dll
0x00007fff97730000 - 0x00007fff97741000 	C:\WINDOWS\System32\MSASN1.dll
0x00007fff978e0000 - 0x00007fff97aa9000 	C:\WINDOWS\System32\CRYPT32.dll
0x00007fff7ca60000 - 0x00007fff7cb81000 	C:\WINDOWS\SYSTEM32\opengl32.dll
0x00007fff8fdd0000 - 0x00007fff8fdfc000 	C:\WINDOWS\SYSTEM32\GLU32.dll
0x00007fff866f0000 - 0x00007fff86708000 	C:\WINDOWS\SYSTEM32\atig6pxx.dll
0x0000000060b70000 - 0x000000006296c000 	C:\WINDOWS\SYSTEM32\atio6axx.dll
0x00007fff824f0000 - 0x00007fff82631000 	C:\WINDOWS\SYSTEM32\atiadlxx.dll
0x00007fff98ab0000 - 0x00007fff98bf5000 	C:\WINDOWS\System32\ole32.dll
0x00007fff94750000 - 0x00007fff94763000 	C:\WINDOWS\SYSTEM32\WTSAPI32.dll
0x00007fff97660000 - 0x00007fff97689000 	C:\WINDOWS\SYSTEM32\USERENV.dll
0x00007fff96d80000 - 0x00007fff96db7000 	C:\WINDOWS\SYSTEM32\IPHLPAPI.DLL
0x00007fff939f0000 - 0x00007fff93b86000 	C:\WINDOWS\SYSTEM32\PROPSYS.dll
0x00007fff84510000 - 0x00007fff8453c000 	C:\WINDOWS\SYSTEM32\atig6txx.dll
0x00007fff8e410000 - 0x00007fff8e492000 	C:\WINDOWS\System32\TextInputFramework.dll
0x00007fff92660000 - 0x00007fff92932000 	C:\WINDOWS\System32\CoreUIComponents.dll
0x00007fff95820000 - 0x00007fff95903000 	C:\WINDOWS\System32\CoreMessaging.dll
0x00007fff96940000 - 0x00007fff96971000 	C:\WINDOWS\SYSTEM32\ntmarta.dll
0x00007fff93f30000 - 0x00007fff93f45000 	C:\WINDOWS\SYSTEM32\usermgrcli.dll
0x00007fff93bd0000 - 0x00007fff93d09000 	C:\WINDOWS\SYSTEM32\wintypes.dll
0x00007fff83880000 - 0x00007fff838df000 	C:\Users\Craft Kids\AppData\Local\Temp\lwjglCraft Kids\3.1.4-SNAPSHOT\lwjgl_opengl.dll
0x0000000064420000 - 0x00000000645b8000 	C:\Program Files\Java\jre1.8.0_131\bin\awt.dll
0x00007fff95e10000 - 0x00007fff95e8e000 	C:\WINDOWS\SYSTEM32\apphelp.dll
0x00007fff9ad40000 - 0x00007fff9adde000 	C:\WINDOWS\System32\clbcatq.dll
0x00007fff91030000 - 0x00007fff911d9000 	C:\WINDOWS\SYSTEM32\dbghelp.dll

VM Arguments:
jvm_args: -Dfile.encoding=Cp1252 
java_command: main.Main
java_class_path (initial): C:\Users\Craft Kids\git\SwarmEngine\bin;C:\Users\Craft Kids\git\SwarmEngine\lib\joml-1.9.4-javadoc.jar;C:\Users\Craft Kids\git\SwarmEngine\lib\joml-1.9.4-sources.jar;C:\Users\Craft Kids\git\SwarmEngine\lib\joml-1.9.4.jar;C:\Users\Craft Kids\git\SwarmEngine\lib\lwjgl-assimp-javadoc.jar;C:\Users\Craft Kids\git\SwarmEngine\lib\lwjgl-assimp-natives-linux.jar;C:\Users\Craft Kids\git\SwarmEngine\lib\lwjgl-assimp-natives-macos.jar;C:\Users\Craft Kids\git\SwarmEngine\lib\lwjgl-assimp-natives-windows.jar;C:\Users\Craft Kids\git\SwarmEngine\lib\lwjgl-assimp-sources.jar;C:\Users\Craft Kids\git\SwarmEngine\lib\lwjgl-assimp.jar;C:\Users\Craft Kids\git\SwarmEngine\lib\lwjgl-glfw-javadoc.jar;C:\Users\Craft Kids\git\SwarmEngine\lib\lwjgl-glfw-natives-linux.jar;C:\Users\Craft Kids\git\SwarmEngine\lib\lwjgl-glfw-natives-macos.jar;C:\Users\Craft Kids\git\SwarmEngine\lib\lwjgl-glfw-natives-windows.jar;C:\Users\Craft Kids\git\SwarmEngine\lib\lwjgl-glfw-sources.jar;C:\Users\Craft Kids\git\SwarmEngine\lib\lwjgl-glfw.jar;C:\Users\Craft Kids\git\SwarmEngine\lib\lwjgl-javadoc.jar;C:\Users\Craft Kids\git\SwarmEngine\lib\lwjgl-openal-javadoc.jar;C:\Users\Craft Kids\git\SwarmEngine\lib\lwjgl-openal-natives-linux.jar;C:\Users\Craft Kids\git\SwarmEngine\lib\lwjgl-openal-natives-macos.jar;C:\Users\Craft Kids\git\SwarmEngine\lib\lwjgl-openal-natives-windows.jar;C:\Users\Craft Kids\git\SwarmEngine\lib\lwjgl-openal-sources.jar;C:\Users\Craft Kids\git\SwarmEngine\lib\lwjgl-openal.jar;C:\Users\Craft Kids\git\SwarmEngine\lib\lwjgl-opengl-javadoc.jar;C:\Users\Craft Kids\git\SwarmEngine\lib\lwjgl-opengl-natives-linux.jar;C:\Users\Craft Kids\git\SwarmEngine\lib\lwjgl-opengl-natives-macos.jar;C:\Users\Craft Kids\git\SwarmEngine\lib\lwjgl-opengl-natives-windows.jar;C:\Users\Craft Kids\git\SwarmEngine\lib\lwjgl-opengl-sources.jar;C:\Users\Craft Kids\git\SwarmEngine\lib\lwjgl-opengl.jar;C:\Users\Craft Kids\git\SwarmEngine\lib\lwjgl-stb-javadoc.jar;C:\Users\Craft Kids\git\SwarmEngin
Launcher Type: SUN_STANDARD

Environment Variables:
PATH=C:/Program Files/Java/jre1.8.0_131/bin/server;C:/Program Files/Java/jre1.8.0_131/bin;C:/Program Files/Java/jre1.8.0_131/lib/amd64;C:\ProgramData\Oracle\Java\javapath;C:\WINDOWS\system32;C:\WINDOWS;C:\WINDOWS\System32\Wbem;C:\WINDOWS\System32\WindowsPowerShell\v1.0\;c:\Program Files (x86)\ATI Technologies\ATI.ACE\Core-Static;C:\Program Files\Hewlett-Packard\SimplePass\;C:\Program Files (x86)\Windows Live\Shared;C:\Program Files (x86)\Common Files\Roxio Shared\DLLShared\;C:\Users\Craft Kids\AppData\Local\Microsoft\WindowsApps;;C:\Users\Craft Kids\Desktop;
USERNAME=Craft Kids
OS=Windows_NT
PROCESSOR_IDENTIFIER=AMD64 Family 22 Model 0 Stepping 1, AuthenticAMD



---------------  S Y S T E M  ---------------

OS: Windows 10.0 , 64 bit Build 15063 (10.0.15063.296)

CPU:total 4 (initial active 4) (4 cores per cpu, 1 threads per core) family 22 model 0 stepping 1, cmov, cx8, fxsr, mmx, sse, sse2, sse3, ssse3, sse4.1, sse4.2, popcnt, avx, aes, clmul, mmxext, 3dnowpref, lzcnt, sse4a, tsc, tscinvbit, tscinv, bmi1

Memory: 4k page, physical 5714524k(1840904k free), swap 6632028k(1236524k free)

vm_info: Java HotSpot(TM) 64-Bit Server VM (25.131-b11) for windows-amd64 JRE (1.8.0_131-b11), built on Mar 15 2017 01:23:53 by "java_re" with MS VC++ 10.0 (VS2010)

time: Fri Oct 27 18:17:41 2017
elapsed time: 4 seconds (0d 0h 0m 4s)

