#
# A fatal error has been detected by the Java Runtime Environment:
#
#  EXCEPTION_ACCESS_VIOLATION (0xc0000005) at pc=0x00007fff8368268d, pid=1828, tid=0x0000000000001b30
#
# JRE version: Java(TM) SE Runtime Environment (8.0_131-b11) (build 1.8.0_131-b11)
# Java VM: Java HotSpot(TM) 64-Bit Server VM (25.131-b11 mixed mode windows-amd64 compressed oops)
# Problematic frame:
# C  [lwjgl_opengl.dll+0x1268d]
#
# Failed to write core dump. Minidumps are not enabled by default on client versions of Windows
#
# If you would like to submit a bug report, please visit:
#   http://bugreport.java.com/bugreport/crash.jsp
# The crash happened outside the Java Virtual Machine in native code.
# See problematic frame for where to report the bug.
#

---------------  T H R E A D  ---------------

Current thread (0x000000001591a800):  JavaThread "Finalizer" daemon [_thread_in_native, id=6960, stack(0x0000000016b90000,0x0000000016c90000)]

siginfo: ExceptionCode=0xc0000005, reading address 0x0000000000000948

Registers:
RAX=0x0000000063110d50, RBX=0x00000000154ff408, RCX=0x0000000000000001, RDX=0x0000000017c3acec
RSP=0x0000000016c8f358, RBP=0x0000000016c8f3d8, RSI=0x0000000017c3acec, RDI=0x00000000024d835d
R8 =0x0000000000000001, R9 =0x0000000017c3acec, R10=0x0000000000000000, R11=0x0000000062b9bd80
R12=0x0000000000000000, R13=0x00000000154ff408, R14=0x0000000016c8f408, R15=0x000000001591a800
RIP=0x00007fff8368268d, EFLAGS=0x0000000000010206

Top of Stack: (sp=0x0000000016c8f358)
0x0000000016c8f358:   00000000024e7934 00000000024d835d
0x0000000016c8f368:   00000000024e76ab 000000001591a800
0x0000000016c8f378:   00000000154ff408 0000000017c3acec
0x0000000016c8f388:   000000001591a800 00000000024e7662
0x0000000016c8f398:   0000000016c8f398 00000000154ff408
0x0000000016c8f3a8:   0000000016c8f408 0000000015504720
0x0000000016c8f3b8:   0000000000000000 00000000154ff408
0x0000000016c8f3c8:   0000000000000000 0000000016c8f3f8
0x0000000016c8f3d8:   0000000016c8f450 00000000024d835d
0x0000000016c8f3e8:   00000000e48a7ca0 00000000024e19d8
0x0000000016c8f3f8:   0000000017c3acec 00000000e2f6ef78
0x0000000016c8f408:   0000000000000001 0000000016c8f410
0x0000000016c8f418:   00000000154ff57c 0000000016c8f480
0x0000000016c8f428:   0000000015504720 0000000000000000
0x0000000016c8f438:   00000000154ff5f0 0000000016c8f3f8
0x0000000016c8f448:   0000000016c8f480 0000000016c8f4c8 

Instructions: (pc=0x00007fff8368268d)
0x00007fff8368266d:   49 ff a2 e8 00 00 00 cc cc cc cc cc cc cc cc cc
0x00007fff8368267d:   cc cc cc 48 8b 01 49 8b d1 41 8b c8 4c 8b 50 18
0x00007fff8368268d:   49 ff a2 48 09 00 00 cc cc cc cc cc cc cc cc cc
0x00007fff8368269d:   cc cc cc 48 8b 01 49 8b d1 41 8b c8 4c 8b 50 18 


Register to memory mapping:

RAX=0x0000000063110d50 is an unknown value
RBX={method} {0x00000000154ff410} 'nglDeleteBuffers' '(IJ)V' in 'org/lwjgl/opengl/GL15'
RCX=0x0000000000000001 is an unknown value
RDX=0x0000000017c3acec is an unknown value
RSP=0x0000000016c8f358 is pointing into the stack for thread: 0x000000001591a800
RBP=0x0000000016c8f3d8 is pointing into the stack for thread: 0x000000001591a800
RSI=0x0000000017c3acec is an unknown value
RDI=0x00000000024d835d is at code_begin+2301 in an Interpreter codelet
invoke return entry points  [0x00000000024d7a60, 0x00000000024d8440]  2528 bytes
R8 =0x0000000000000001 is an unknown value
R9 =0x0000000017c3acec is an unknown value
R10=0x0000000000000000 is an unknown value
R11=0x0000000062b9bd80 is an unknown value
R12=0x0000000000000000 is an unknown value
R13={method} {0x00000000154ff410} 'nglDeleteBuffers' '(IJ)V' in 'org/lwjgl/opengl/GL15'
R14=0x0000000016c8f408 is pointing into the stack for thread: 0x000000001591a800
R15=0x000000001591a800 is a thread


Stack: [0x0000000016b90000,0x0000000016c90000],  sp=0x0000000016c8f358,  free space=1020k
Native frames: (J=compiled Java code, j=interpreted, Vv=VM code, C=native code)
C  [lwjgl_opengl.dll+0x1268d]

Java frames: (J=compiled Java code, j=interpreted, Vv=VM code)
j  org.lwjgl.opengl.GL15.nglDeleteBuffers(IJ)V+0
j  org.lwjgl.opengl.GL15.glDeleteBuffers(I)V+20
j  render.Model.finalize()V+4
J 870 C1 java.lang.ref.Finalizer.runFinalizer(Lsun/misc/JavaLangAccess;)V (62 bytes) @ 0x0000000002811c8c [0x0000000002811700+0x58c]
J 869 C1 java.lang.ref.Finalizer.access$100(Ljava/lang/ref/Finalizer;Lsun/misc/JavaLangAccess;)V (6 bytes) @ 0x000000000281139c [0x0000000002811340+0x5c]
j  java.lang.ref.Finalizer$FinalizerThread.run()V+45
v  ~StubRoutines::call_stub

---------------  P R O C E S S  ---------------

Java Threads: ( => current thread )
  0x0000000017b72800 JavaThread "Java2D Disposer" daemon [_thread_blocked, id=10268, stack(0x000000001f320000,0x000000001f420000)]
  0x000000001598e800 JavaThread "Service Thread" daemon [_thread_blocked, id=5008, stack(0x0000000017680000,0x0000000017780000)]
  0x0000000015937800 JavaThread "C1 CompilerThread2" daemon [_thread_in_native, id=11996, stack(0x0000000017180000,0x0000000017280000)]
  0x0000000015931000 JavaThread "C2 CompilerThread1" daemon [_thread_blocked, id=6376, stack(0x0000000017080000,0x0000000017180000)]
  0x000000001592d000 JavaThread "C2 CompilerThread0" daemon [_thread_in_native, id=8948, stack(0x0000000016f80000,0x0000000017080000)]
  0x000000001592b800 JavaThread "Attach Listener" daemon [_thread_blocked, id=1560, stack(0x0000000016e80000,0x0000000016f80000)]
  0x000000001592a800 JavaThread "Signal Dispatcher" daemon [_thread_blocked, id=12856, stack(0x0000000016d80000,0x0000000016e80000)]
=>0x000000001591a800 JavaThread "Finalizer" daemon [_thread_in_native, id=6960, stack(0x0000000016b90000,0x0000000016c90000)]
  0x00000000024c0000 JavaThread "Reference Handler" daemon [_thread_blocked, id=10516, stack(0x0000000016a90000,0x0000000016b90000)]
  0x0000000000aee000 JavaThread "main" [_thread_blocked, id=2300, stack(0x0000000000af0000,0x0000000000bf0000)]

Other Threads:
  0x00000000158f7800 VMThread [stack: 0x0000000016990000,0x0000000016a90000] [id=1904]
  0x00000000172c7800 WatcherThread [stack: 0x0000000017780000,0x0000000017880000] [id=7504]

VM state:not at safepoint (normal execution)

VM Mutex/Monitor currently owned by a thread: None

Heap:
 PSYoungGen      total 26112K, used 3740K [0x00000000e2f00000, 0x00000000e4c00000, 0x0000000100000000)
  eden space 22528K, 6% used [0x00000000e2f00000,0x00000000e3073068,0x00000000e4500000)
  from space 3584K, 62% used [0x00000000e4880000,0x00000000e4ab4030,0x00000000e4c00000)
  to   space 3584K, 0% used [0x00000000e4500000,0x00000000e4500000,0x00000000e4880000)
 ParOldGen       total 60416K, used 539K [0x00000000a8c00000, 0x00000000ac700000, 0x00000000e2f00000)
  object space 60416K, 0% used [0x00000000a8c00000,0x00000000a8c86f48,0x00000000ac700000)
 Metaspace       used 11570K, capacity 11801K, committed 11904K, reserved 1060864K
  class space    used 972K, capacity 1069K, committed 1152K, reserved 1048576K

Card table byte_map: [0x0000000011890000,0x0000000011b50000] byte_map_base: 0x000000001134a000

Marking Bits: (ParMarkBitMap*) 0x000000006318c720
 Begin Bits: [0x0000000012130000, 0x0000000013700000)
 End Bits:   [0x0000000013700000, 0x0000000014cd0000)

Polling page: 0x0000000000680000

CodeCache: size=245760Kb used=4218Kb max_used=4225Kb free=241541Kb
 bounds [0x00000000024d0000, 0x0000000002900000, 0x00000000114d0000]
 total_blobs=2095 nmethods=1220 adapters=789
 compilation: enabled

Compilation events (10 events):
Event: 4.554 Thread 0x0000000015937800 1198       3       org.joml.Vector2f::add (22 bytes)
Event: 4.554 Thread 0x0000000015937800 nmethod 1198 0x00000000028e08d0 code [0x00000000028e0a20, 0x00000000028e0b90]
Event: 4.554 Thread 0x0000000015937800 1199       1       org.joml.Vector2f::x (5 bytes)
Event: 4.554 Thread 0x0000000015937800 nmethod 1199 0x00000000028e0550 code [0x00000000028e06a0, 0x00000000028e07b0]
Event: 4.554 Thread 0x0000000015937800 1200       1       org.joml.Vector2f::y (5 bytes)
Event: 4.554 Thread 0x0000000015937800 nmethod 1200 0x00000000028e6dd0 code [0x00000000028e6f20, 0x00000000028e7030]
Event: 4.555 Thread 0x0000000015937800 1201       3       entity.Entity::move (228 bytes)
Event: 4.555 Thread 0x000000001592d000 1205       4       collision.AABB::getCollision (96 bytes)
Event: 4.556 Thread 0x0000000015937800 nmethod 1201 0x00000000028e7090 code [0x00000000028e72a0, 0x00000000028e7b08]
Event: 4.556 Thread 0x0000000015937800 1206  s    3       java.util.Hashtable::remove (133 bytes)

GC Heap History (4 events):
Event: 3.427 GC heap before
{Heap before GC invocations=1 (full 0):
 PSYoungGen      total 26112K, used 22528K [0x00000000e2f00000, 0x00000000e4c00000, 0x0000000100000000)
  eden space 22528K, 100% used [0x00000000e2f00000,0x00000000e4500000,0x00000000e4500000)
  from space 3584K, 0% used [0x00000000e4880000,0x00000000e4880000,0x00000000e4c00000)
  to   space 3584K, 0% used [0x00000000e4500000,0x00000000e4500000,0x00000000e4880000)
 ParOldGen       total 60416K, used 0K [0x00000000a8c00000, 0x00000000ac700000, 0x00000000e2f00000)
  object space 60416K, 0% used [0x00000000a8c00000,0x00000000a8c00000,0x00000000ac700000)
 Metaspace       used 11316K, capacity 11545K, committed 11648K, reserved 1060864K
  class space    used 967K, capacity 1069K, committed 1152K, reserved 1048576K
Event: 3.437 GC heap after
Heap after GC invocations=1 (full 0):
 PSYoungGen      total 26112K, used 3578K [0x00000000e2f00000, 0x00000000e4c00000, 0x0000000100000000)
  eden space 22528K, 0% used [0x00000000e2f00000,0x00000000e2f00000,0x00000000e4500000)
  from space 3584K, 99% used [0x00000000e4500000,0x00000000e487e918,0x00000000e4880000)
  to   space 3584K, 0% used [0x00000000e4880000,0x00000000e4880000,0x00000000e4c00000)
 ParOldGen       total 60416K, used 531K [0x00000000a8c00000, 0x00000000ac700000, 0x00000000e2f00000)
  object space 60416K, 0% used [0x00000000a8c00000,0x00000000a8c84f48,0x00000000ac700000)
 Metaspace       used 11316K, capacity 11545K, committed 11648K, reserved 1060864K
  class space    used 967K, capacity 1069K, committed 1152K, reserved 1048576K
}
Event: 4.543 GC heap before
{Heap before GC invocations=2 (full 0):
 PSYoungGen      total 26112K, used 26106K [0x00000000e2f00000, 0x00000000e4c00000, 0x0000000100000000)
  eden space 22528K, 100% used [0x00000000e2f00000,0x00000000e4500000,0x00000000e4500000)
  from space 3584K, 99% used [0x00000000e4500000,0x00000000e487e918,0x00000000e4880000)
  to   space 3584K, 0% used [0x00000000e4880000,0x00000000e4880000,0x00000000e4c00000)
 ParOldGen       total 60416K, used 531K [0x00000000a8c00000, 0x00000000ac700000, 0x00000000e2f00000)
  object space 60416K, 0% used [0x00000000a8c00000,0x00000000a8c84f48,0x00000000ac700000)
 Metaspace       used 11559K, capacity 11801K, committed 11904K, reserved 1060864K
  class space    used 972K, capacity 1069K, committed 1152K, reserved 1048576K
Event: 4.550 GC heap after
Heap after GC invocations=2 (full 0):
 PSYoungGen      total 26112K, used 2256K [0x00000000e2f00000, 0x00000000e4c00000, 0x0000000100000000)
  eden space 22528K, 0% used [0x00000000e2f00000,0x00000000e2f00000,0x00000000e4500000)
  from space 3584K, 62% used [0x00000000e4880000,0x00000000e4ab4030,0x00000000e4c00000)
  to   space 3584K, 0% used [0x00000000e4500000,0x00000000e4500000,0x00000000e4880000)
 ParOldGen       total 60416K, used 539K [0x00000000a8c00000, 0x00000000ac700000, 0x00000000e2f00000)
  object space 60416K, 0% used [0x00000000a8c00000,0x00000000a8c86f48,0x00000000ac700000)
 Metaspace       used 11559K, capacity 11801K, committed 11904K, reserved 1060864K
  class space    used 972K, capacity 1069K, committed 1152K, reserved 1048576K
}

Deoptimization events (2 events):
Event: 4.287 Thread 0x0000000000aee000 Uncommon trap: reason=unstable_if action=reinterpret pc=0x00000000028668c0 method=java.io.BufferedInputStream.read1([BII)I @ 68
Event: 4.288 Thread 0x0000000000aee000 Uncommon trap: reason=unstable_if action=reinterpret pc=0x0000000002867370 method=java.io.BufferedInputStream.read1([BII)I @ 68

Internal exceptions (10 events):
Event: 0.584 Thread 0x0000000000aee000 Exception <a 'java/lang/NoSuchMethodError': java.lang.Object.lambda$static$0(Ljava/lang/String;)Ljava/lang/Boolean;> (0x00000000e3121158) thrown at [C:\re\workspace\8-2-build-windows-amd64-cygwin\jdk8u131\8869\hotspot\src\share\vm\interpreter\linkResolver
Event: 0.638 Thread 0x0000000000aee000 Exception <a 'java/lang/NoSuchFieldError': method resolution failed> (0x00000000e31993d0) thrown at [C:\re\workspace\8-2-build-windows-amd64-cygwin\jdk8u131\8869\hotspot\src\share\vm\prims\methodHandles.cpp, line 1146]
Event: 0.644 Thread 0x0000000000aee000 Exception <a 'java/lang/NoSuchFieldError': method resolution failed> (0x00000000e31a67e8) thrown at [C:\re\workspace\8-2-build-windows-amd64-cygwin\jdk8u131\8869\hotspot\src\share\vm\prims\methodHandles.cpp, line 1146]
Event: 0.871 Thread 0x0000000000aee000 Exception <a 'java/security/PrivilegedActionException'> (0x00000000e33438f0) thrown at [C:\re\workspace\8-2-build-windows-amd64-cygwin\jdk8u131\8869\hotspot\src\share\vm\prims\jvm.cpp, line 1390]
Event: 0.871 Thread 0x0000000000aee000 Exception <a 'java/security/PrivilegedActionException'> (0x00000000e3343b00) thrown at [C:\re\workspace\8-2-build-windows-amd64-cygwin\jdk8u131\8869\hotspot\src\share\vm\prims\jvm.cpp, line 1390]
Event: 0.873 Thread 0x0000000000aee000 Exception <a 'java/security/PrivilegedActionException'> (0x00000000e3347958) thrown at [C:\re\workspace\8-2-build-windows-amd64-cygwin\jdk8u131\8869\hotspot\src\share\vm\prims\jvm.cpp, line 1390]
Event: 0.873 Thread 0x0000000000aee000 Exception <a 'java/security/PrivilegedActionException'> (0x00000000e3347b68) thrown at [C:\re\workspace\8-2-build-windows-amd64-cygwin\jdk8u131\8869\hotspot\src\share\vm\prims\jvm.cpp, line 1390]
Event: 1.964 Thread 0x0000000000aee000 Exception <a 'sun/nio/fs/WindowsException'> (0x00000000e353a180) thrown at [C:\re\workspace\8-2-build-windows-amd64-cygwin\jdk8u131\8869\hotspot\src\share\vm\prims\jni.cpp, line 709]
Event: 1.965 Thread 0x0000000000aee000 Exception <a 'sun/nio/fs/WindowsException'> (0x00000000e353a9b8) thrown at [C:\re\workspace\8-2-build-windows-amd64-cygwin\jdk8u131\8869\hotspot\src\share\vm\prims\jni.cpp, line 709]
Event: 3.047 Thread 0x0000000000aee000 Exception <a 'java/io/FileNotFoundException'> (0x00000000e3f35f78) thrown at [C:\re\workspace\8-2-build-windows-amd64-cygwin\jdk8u131\8869\hotspot\src\share\vm\prims\jni.cpp, line 709]

Events (10 events):
Event: 4.288 Thread 0x0000000000aee000 DEOPT PACKING pc=0x0000000002867370 sp=0x0000000000beec40
Event: 4.288 Thread 0x0000000000aee000 DEOPT UNPACKING pc=0x000000000251582a sp=0x0000000000beeb88 mode 2
Event: 4.310 loading class collision/Collision
Event: 4.310 loading class collision/Collision done
Event: 4.340 Executing VM operation: EnableBiasedLocking
Event: 4.353 Executing VM operation: EnableBiasedLocking done
Event: 4.511 loading class assets/Assets
Event: 4.511 loading class assets/Assets done
Event: 4.543 Executing VM operation: ParallelGCFailedAllocation
Event: 4.551 Executing VM operation: ParallelGCFailedAllocation done


Dynamic libraries:
0x00007ff6aabe0000 - 0x00007ff6aac17000 	C:\Program Files\Java\jre1.8.0_131\bin\javaw.exe
0x00007fff9b2c0000 - 0x00007fff9b49b000 	C:\WINDOWS\SYSTEM32\ntdll.dll
0x00007fff9b0a0000 - 0x00007fff9b14e000 	C:\WINDOWS\System32\KERNEL32.DLL
0x00007fff984d0000 - 0x00007fff98719000 	C:\WINDOWS\System32\KERNELBASE.dll
0x00007fff9ade0000 - 0x00007fff9ae81000 	C:\WINDOWS\System32\ADVAPI32.dll
0x00007fff9aef0000 - 0x00007fff9af8d000 	C:\WINDOWS\System32\msvcrt.dll
0x00007fff9ac70000 - 0x00007fff9acc9000 	C:\WINDOWS\System32\sechost.dll
0x00007fff9b150000 - 0x00007fff9b275000 	C:\WINDOWS\System32\RPCRT4.dll
0x00007fff9a820000 - 0x00007fff9a96a000 	C:\WINDOWS\System32\USER32.dll
0x00007fff97ab0000 - 0x00007fff97ace000 	C:\WINDOWS\System32\win32u.dll
0x00007fff98820000 - 0x00007fff98847000 	C:\WINDOWS\System32\GDI32.dll
0x00007fff97ad0000 - 0x00007fff97c57000 	C:\WINDOWS\System32\gdi32full.dll
0x00007fff97840000 - 0x00007fff978da000 	C:\WINDOWS\System32\msvcp_win.dll
0x00007fff97cd0000 - 0x00007fff97dc6000 	C:\WINDOWS\System32\ucrtbase.dll
0x00007fff8f8e0000 - 0x00007fff8fb47000 	C:\WINDOWS\WinSxS\amd64_microsoft.windows.common-controls_6595b64144ccf1df_6.0.15063.483_none_26002d27e7c744a2\COMCTL32.dll
0x00007fff9a970000 - 0x00007fff9ac69000 	C:\WINDOWS\System32\combase.dll
0x00007fff97c60000 - 0x00007fff97cca000 	C:\WINDOWS\System32\bcryptPrimitives.dll
0x00007fff9b280000 - 0x00007fff9b2ad000 	C:\WINDOWS\System32\IMM32.DLL
0x0000000064220000 - 0x00000000642f2000 	C:\Program Files\Java\jre1.8.0_131\bin\msvcr100.dll
0x0000000062970000 - 0x000000006320c000 	C:\Program Files\Java\jre1.8.0_131\bin\server\jvm.dll
0x00007fff9a150000 - 0x00007fff9a158000 	C:\WINDOWS\System32\PSAPI.DLL
0x00007fff8b600000 - 0x00007fff8b609000 	C:\WINDOWS\SYSTEM32\WSOCK32.dll
0x00007fff92ce0000 - 0x00007fff92d03000 	C:\WINDOWS\SYSTEM32\WINMM.dll
0x00007fff9acd0000 - 0x00007fff9ad3c000 	C:\WINDOWS\System32\WS2_32.dll
0x00007fff922c0000 - 0x00007fff922ca000 	C:\WINDOWS\SYSTEM32\VERSION.dll
0x00007fff92c80000 - 0x00007fff92cab000 	C:\WINDOWS\SYSTEM32\WINMMBASE.dll
0x00007fff98720000 - 0x00007fff98769000 	C:\WINDOWS\System32\cfgmgr32.dll
0x0000000064650000 - 0x000000006465f000 	C:\Program Files\Java\jre1.8.0_131\bin\verify.dll
0x0000000064620000 - 0x0000000064649000 	C:\Program Files\Java\jre1.8.0_131\bin\java.dll
0x0000000064600000 - 0x0000000064616000 	C:\Program Files\Java\jre1.8.0_131\bin\zip.dll
0x00007fff98c00000 - 0x00007fff9a036000 	C:\WINDOWS\System32\SHELL32.dll
0x00007fff9aff0000 - 0x00007fff9b09a000 	C:\WINDOWS\System32\shcore.dll
0x00007fff97dd0000 - 0x00007fff984c1000 	C:\WINDOWS\System32\windows.storage.dll
0x00007fff9af90000 - 0x00007fff9afe1000 	C:\WINDOWS\System32\shlwapi.dll
0x00007fff977a0000 - 0x00007fff977b1000 	C:\WINDOWS\System32\kernel.appcore.dll
0x00007fff97750000 - 0x00007fff9779c000 	C:\WINDOWS\System32\powrprof.dll
0x00007fff977c0000 - 0x00007fff977d5000 	C:\WINDOWS\System32\profapi.dll
0x00000000645e0000 - 0x00000000645fa000 	C:\Program Files\Java\jre1.8.0_131\bin\net.dll
0x00007fff96fe0000 - 0x00007fff9703c000 	C:\WINDOWS\system32\mswsock.dll
0x00000000645c0000 - 0x00000000645d1000 	C:\Program Files\Java\jre1.8.0_131\bin\nio.dll
0x00007fff84260000 - 0x00007fff842b8000 	C:\Users\Craft Kids\AppData\Local\Temp\lwjglCraft Kids\3.1.4-SNAPSHOT\lwjgl.dll
0x00007fff84210000 - 0x00007fff8425d000 	C:\Users\CRAFTK~1\AppData\Local\Temp\lwjglCraft Kids\3.1.4-SNAPSHOT\glfw.dll
0x00007fff96010000 - 0x00007fff960a5000 	C:\WINDOWS\system32\uxtheme.dll
0x00007fff83890000 - 0x00007fff838d2000 	C:\WINDOWS\SYSTEM32\dinput8.dll
0x00007fff8d950000 - 0x00007fff8d95e000 	C:\WINDOWS\SYSTEM32\xinput1_4.dll
0x00007fff96390000 - 0x00007fff963b8000 	C:\WINDOWS\SYSTEM32\DEVOBJ.dll
0x00007fff92fb0000 - 0x00007fff92fda000 	C:\WINDOWS\SYSTEM32\dwmapi.dll
0x00007fff9a5a0000 - 0x00007fff9a706000 	C:\WINDOWS\System32\MSCTF.dll
0x00007fff989f0000 - 0x00007fff98ab0000 	C:\WINDOWS\System32\OLEAUT32.dll
0x00007fff965f0000 - 0x00007fff965fd000 	C:\WINDOWS\SYSTEM32\HID.DLL
0x00007fff9a160000 - 0x00007fff9a59b000 	C:\WINDOWS\System32\SETUPAPI.DLL
0x00007fff977e0000 - 0x00007fff97836000 	C:\WINDOWS\System32\WINTRUST.dll
0x00007fff97730000 - 0x00007fff97741000 	C:\WINDOWS\System32\MSASN1.dll
0x00007fff978e0000 - 0x00007fff97aa9000 	C:\WINDOWS\System32\CRYPT32.dll
0x00007fff7ca60000 - 0x00007fff7cb81000 	C:\WINDOWS\SYSTEM32\opengl32.dll
0x00007fff8fdd0000 - 0x00007fff8fdfc000 	C:\WINDOWS\SYSTEM32\GLU32.dll
0x00007fff866f0000 - 0x00007fff86708000 	C:\WINDOWS\SYSTEM32\atig6pxx.dll
0x0000000060b70000 - 0x000000006296c000 	C:\WINDOWS\SYSTEM32\atio6axx.dll
0x00007fff817b0000 - 0x00007fff818f1000 	C:\WINDOWS\SYSTEM32\atiadlxx.dll
0x00007fff98ab0000 - 0x00007fff98bf5000 	C:\WINDOWS\System32\ole32.dll
0x00007fff97660000 - 0x00007fff97689000 	C:\WINDOWS\SYSTEM32\USERENV.dll
0x00007fff939f0000 - 0x00007fff93b86000 	C:\WINDOWS\SYSTEM32\PROPSYS.dll
0x00007fff94750000 - 0x00007fff94763000 	C:\WINDOWS\SYSTEM32\WTSAPI32.dll
0x00007fff96d80000 - 0x00007fff96db7000 	C:\WINDOWS\SYSTEM32\IPHLPAPI.DLL
0x00007fff84510000 - 0x00007fff8453c000 	C:\WINDOWS\SYSTEM32\atig6txx.dll
0x00007fff8e410000 - 0x00007fff8e492000 	C:\WINDOWS\System32\TextInputFramework.dll
0x00007fff92660000 - 0x00007fff92932000 	C:\WINDOWS\System32\CoreUIComponents.dll
0x00007fff95820000 - 0x00007fff95903000 	C:\WINDOWS\System32\CoreMessaging.dll
0x00007fff93f30000 - 0x00007fff93f45000 	C:\WINDOWS\SYSTEM32\usermgrcli.dll
0x00007fff96940000 - 0x00007fff96971000 	C:\WINDOWS\SYSTEM32\ntmarta.dll
0x00007fff93bd0000 - 0x00007fff93d09000 	C:\WINDOWS\SYSTEM32\wintypes.dll
0x00007fff83670000 - 0x00007fff836cf000 	C:\Users\Craft Kids\AppData\Local\Temp\lwjglCraft Kids\3.1.4-SNAPSHOT\lwjgl_opengl.dll
0x0000000064420000 - 0x00000000645b8000 	C:\Program Files\Java\jre1.8.0_131\bin\awt.dll
0x00007fff95e10000 - 0x00007fff95e8e000 	C:\WINDOWS\SYSTEM32\apphelp.dll
0x00007fff9ad40000 - 0x00007fff9adde000 	C:\WINDOWS\System32\clbcatq.dll
0x00007fff91030000 - 0x00007fff911d9000 	C:\WINDOWS\SYSTEM32\dbghelp.dll

VM Arguments:
jvm_args: -Dfile.encoding=Cp1252 
java_command: main.Main
java_class_path (initial): C:\Users\Craft Kids\git\SwarmEngine\bin;C:\Users\Craft Kids\git\SwarmEngine\lib\joml-1.9.4-javadoc.jar;C:\Users\Craft Kids\git\SwarmEngine\lib\joml-1.9.4-sources.jar;C:\Users\Craft Kids\git\SwarmEngine\lib\joml-1.9.4.jar;C:\Users\Craft Kids\git\SwarmEngine\lib\lwjgl-assimp-javadoc.jar;C:\Users\Craft Kids\git\SwarmEngine\lib\lwjgl-assimp-natives-linux.jar;C:\Users\Craft Kids\git\SwarmEngine\lib\lwjgl-assimp-natives-macos.jar;C:\Users\Craft Kids\git\SwarmEngine\lib\lwjgl-assimp-natives-windows.jar;C:\Users\Craft Kids\git\SwarmEngine\lib\lwjgl-assimp-sources.jar;C:\Users\Craft Kids\git\SwarmEngine\lib\lwjgl-assimp.jar;C:\Users\Craft Kids\git\SwarmEngine\lib\lwjgl-glfw-javadoc.jar;C:\Users\Craft Kids\git\SwarmEngine\lib\lwjgl-glfw-natives-linux.jar;C:\Users\Craft Kids\git\SwarmEngine\lib\lwjgl-glfw-natives-macos.jar;C:\Users\Craft Kids\git\SwarmEngine\lib\lwjgl-glfw-natives-windows.jar;C:\Users\Craft Kids\git\SwarmEngine\lib\lwjgl-glfw-sources.jar;C:\Users\Craft Kids\git\SwarmEngine\lib\lwjgl-glfw.jar;C:\Users\Craft Kids\git\SwarmEngine\lib\lwjgl-javadoc.jar;C:\Users\Craft Kids\git\SwarmEngine\lib\lwjgl-openal-javadoc.jar;C:\Users\Craft Kids\git\SwarmEngine\lib\lwjgl-openal-natives-linux.jar;C:\Users\Craft Kids\git\SwarmEngine\lib\lwjgl-openal-natives-macos.jar;C:\Users\Craft Kids\git\SwarmEngine\lib\lwjgl-openal-natives-windows.jar;C:\Users\Craft Kids\git\SwarmEngine\lib\lwjgl-openal-sources.jar;C:\Users\Craft Kids\git\SwarmEngine\lib\lwjgl-openal.jar;C:\Users\Craft Kids\git\SwarmEngine\lib\lwjgl-opengl-javadoc.jar;C:\Users\Craft Kids\git\SwarmEngine\lib\lwjgl-opengl-natives-linux.jar;C:\Users\Craft Kids\git\SwarmEngine\lib\lwjgl-opengl-natives-macos.jar;C:\Users\Craft Kids\git\SwarmEngine\lib\lwjgl-opengl-natives-windows.jar;C:\Users\Craft Kids\git\SwarmEngine\lib\lwjgl-opengl-sources.jar;C:\Users\Craft Kids\git\SwarmEngine\lib\lwjgl-opengl.jar;C:\Users\Craft Kids\git\SwarmEngine\lib\lwjgl-stb-javadoc.jar;C:\Users\Craft Kids\git\SwarmEngin
Launcher Type: SUN_STANDARD

Environment Variables:
PATH=C:/Program Files/Java/jre1.8.0_131/bin/server;C:/Program Files/Java/jre1.8.0_131/bin;C:/Program Files/Java/jre1.8.0_131/lib/amd64;C:\ProgramData\Oracle\Java\javapath;C:\WINDOWS\system32;C:\WINDOWS;C:\WINDOWS\System32\Wbem;C:\WINDOWS\System32\WindowsPowerShell\v1.0\;c:\Program Files (x86)\ATI Technologies\ATI.ACE\Core-Static;C:\Program Files\Hewlett-Packard\SimplePass\;C:\Program Files (x86)\Windows Live\Shared;C:\Program Files (x86)\Common Files\Roxio Shared\DLLShared\;C:\Users\Craft Kids\AppData\Local\Microsoft\WindowsApps;;C:\Users\Craft Kids\Desktop;
USERNAME=Craft Kids
OS=Windows_NT
PROCESSOR_IDENTIFIER=AMD64 Family 22 Model 0 Stepping 1, AuthenticAMD



---------------  S Y S T E M  ---------------

OS: Windows 10.0 , 64 bit Build 15063 (10.0.15063.296)

CPU:total 4 (initial active 4) (4 cores per cpu, 1 threads per core) family 22 model 0 stepping 1, cmov, cx8, fxsr, mmx, sse, sse2, sse3, ssse3, sse4.1, sse4.2, popcnt, avx, aes, clmul, mmxext, 3dnowpref, lzcnt, sse4a, tsc, tscinvbit, tscinv, bmi1

Memory: 4k page, physical 5714524k(1882284k free), swap 6632028k(1203056k free)

vm_info: Java HotSpot(TM) 64-Bit Server VM (25.131-b11) for windows-amd64 JRE (1.8.0_131-b11), built on Mar 15 2017 01:23:53 by "java_re" with MS VC++ 10.0 (VS2010)

time: Fri Oct 27 18:21:56 2017
elapsed time: 4 seconds (0d 0h 0m 4s)

