#
# A fatal error has been detected by the Java Runtime Environment:
#
#  EXCEPTION_ACCESS_VIOLATION (0xc0000005) at pc=0x00007fff8389268d, pid=11532, tid=0x0000000000003080
#
# JRE version: Java(TM) SE Runtime Environment (8.0_131-b11) (build 1.8.0_131-b11)
# Java VM: Java HotSpot(TM) 64-Bit Server VM (25.131-b11 mixed mode windows-amd64 compressed oops)
# Problematic frame:
# C  [lwjgl_opengl.dll+0x1268d]
#
# Failed to write core dump. Minidumps are not enabled by default on client versions of Windows
#
# If you would like to submit a bug report, please visit:
#   http://bugreport.java.com/bugreport/crash.jsp
# The crash happened outside the Java Virtual Machine in native code.
# See problematic frame for where to report the bug.
#

---------------  T H R E A D  ---------------

Current thread (0x00000000167aa800):  JavaThread "Finalizer" daemon [_thread_in_native, id=12416, stack(0x0000000017a10000,0x0000000017b10000)]

siginfo: ExceptionCode=0xc0000005, reading address 0x0000000000000948

Registers:
RAX=0x0000000063110d50, RBX=0x000000001639c4c0, RCX=0x0000000000000001, RDX=0x0000000018d2110c
RSP=0x0000000017b0f328, RBP=0x0000000017b0f3a8, RSI=0x0000000018d2110c, RDI=0x000000000336835d
R8 =0x0000000000000001, R9 =0x0000000018d2110c, R10=0x0000000000000000, R11=0x0000000062b9bd80
R12=0x0000000000000000, R13=0x000000001639c4c0, R14=0x0000000017b0f3d8, R15=0x00000000167aa800
RIP=0x00007fff8389268d, EFLAGS=0x0000000000010206

Top of Stack: (sp=0x0000000017b0f328)
0x0000000017b0f328:   0000000003377934 000000000336835d
0x0000000017b0f338:   00000000033776ab 00000000167aa800
0x0000000017b0f348:   000000001639c4c0 0000000018d2110c
0x0000000017b0f358:   00000000167aa800 0000000003377662
0x0000000017b0f368:   0000000017b0f368 000000001639c4c0
0x0000000017b0f378:   0000000017b0f3d8 00000000163a17d8
0x0000000017b0f388:   0000000000000000 000000001639c4c0
0x0000000017b0f398:   0000000000000000 0000000017b0f3c8
0x0000000017b0f3a8:   0000000017b0f420 000000000336835d
0x0000000017b0f3b8:   00000000e48a7af8 00000000033719d8
0x0000000017b0f3c8:   0000000018d2110c 00000000e2f6fcb0
0x0000000017b0f3d8:   0000000000000001 0000000017b0f3e0
0x0000000017b0f3e8:   000000001639c634 0000000017b0f450
0x0000000017b0f3f8:   00000000163a17d8 0000000000000000
0x0000000017b0f408:   000000001639c6a8 0000000017b0f3c8
0x0000000017b0f418:   0000000017b0f450 0000000017b0f498 

Instructions: (pc=0x00007fff8389268d)
0x00007fff8389266d:   49 ff a2 e8 00 00 00 cc cc cc cc cc cc cc cc cc
0x00007fff8389267d:   cc cc cc 48 8b 01 49 8b d1 41 8b c8 4c 8b 50 18
0x00007fff8389268d:   49 ff a2 48 09 00 00 cc cc cc cc cc cc cc cc cc
0x00007fff8389269d:   cc cc cc 48 8b 01 49 8b d1 41 8b c8 4c 8b 50 18 


Register to memory mapping:

RAX=0x0000000063110d50 is an unknown value
RBX={method} {0x000000001639c4c8} 'nglDeleteBuffers' '(IJ)V' in 'org/lwjgl/opengl/GL15'
RCX=0x0000000000000001 is an unknown value
RDX=0x0000000018d2110c is an unknown value
RSP=0x0000000017b0f328 is pointing into the stack for thread: 0x00000000167aa800
RBP=0x0000000017b0f3a8 is pointing into the stack for thread: 0x00000000167aa800
RSI=0x0000000018d2110c is an unknown value
RDI=0x000000000336835d is at code_begin+2301 in an Interpreter codelet
invoke return entry points  [0x0000000003367a60, 0x0000000003368440]  2528 bytes
R8 =0x0000000000000001 is an unknown value
R9 =0x0000000018d2110c is an unknown value
R10=0x0000000000000000 is an unknown value
R11=0x0000000062b9bd80 is an unknown value
R12=0x0000000000000000 is an unknown value
R13={method} {0x000000001639c4c8} 'nglDeleteBuffers' '(IJ)V' in 'org/lwjgl/opengl/GL15'
R14=0x0000000017b0f3d8 is pointing into the stack for thread: 0x00000000167aa800
R15=0x00000000167aa800 is a thread


Stack: [0x0000000017a10000,0x0000000017b10000],  sp=0x0000000017b0f328,  free space=1020k
Native frames: (J=compiled Java code, j=interpreted, Vv=VM code, C=native code)
C  [lwjgl_opengl.dll+0x1268d]

Java frames: (J=compiled Java code, j=interpreted, Vv=VM code)
j  org.lwjgl.opengl.GL15.nglDeleteBuffers(IJ)V+0
j  org.lwjgl.opengl.GL15.glDeleteBuffers(I)V+20
j  render.Model.finalize()V+4
J 881 C1 java.lang.ref.Finalizer.runFinalizer(Lsun/misc/JavaLangAccess;)V (62 bytes) @ 0x00000000036af24c [0x00000000036aecc0+0x58c]
J 880 C1 java.lang.ref.Finalizer.access$100(Ljava/lang/ref/Finalizer;Lsun/misc/JavaLangAccess;)V (6 bytes) @ 0x00000000036ae95c [0x00000000036ae900+0x5c]
j  java.lang.ref.Finalizer$FinalizerThread.run()V+45
v  ~StubRoutines::call_stub

---------------  P R O C E S S  ---------------

Java Threads: ( => current thread )
  0x00000000188d6800 JavaThread "Java2D Disposer" daemon [_thread_blocked, id=12576, stack(0x0000000020090000,0x0000000020190000)]
  0x0000000018119800 JavaThread "Service Thread" daemon [_thread_blocked, id=11832, stack(0x0000000018500000,0x0000000018600000)]
  0x00000000167e8000 JavaThread "C1 CompilerThread2" daemon [_thread_blocked, id=7132, stack(0x0000000018000000,0x0000000018100000)]
  0x00000000167c4800 JavaThread "C2 CompilerThread1" daemon [_thread_in_native, id=8312, stack(0x0000000017f00000,0x0000000018000000)]
  0x00000000167bd000 JavaThread "C2 CompilerThread0" daemon [_thread_blocked, id=1712, stack(0x0000000017e00000,0x0000000017f00000)]
  0x00000000167bb800 JavaThread "Attach Listener" daemon [_thread_blocked, id=13200, stack(0x0000000017d00000,0x0000000017e00000)]
  0x00000000167ba800 JavaThread "Signal Dispatcher" daemon [_thread_blocked, id=7160, stack(0x0000000017c00000,0x0000000017d00000)]
=>0x00000000167aa800 JavaThread "Finalizer" daemon [_thread_in_native, id=12416, stack(0x0000000017a10000,0x0000000017b10000)]
  0x0000000003350000 JavaThread "Reference Handler" daemon [_thread_blocked, id=7212, stack(0x0000000017910000,0x0000000017a10000)]
  0x000000000189e000 JavaThread "main" [_thread_in_Java, id=12568, stack(0x0000000003160000,0x0000000003260000)]

Other Threads:
  0x0000000016787800 VMThread [stack: 0x0000000017810000,0x0000000017910000] [id=6712]
  0x000000001811d800 WatcherThread [stack: 0x0000000018600000,0x0000000018700000] [id=5600]

VM state:not at safepoint (normal execution)

VM Mutex/Monitor currently owned by a thread: None

Heap:
 PSYoungGen      total 26112K, used 3810K [0x00000000e2f00000, 0x00000000e4c00000, 0x0000000100000000)
  eden space 22528K, 6% used [0x00000000e2f00000,0x00000000e3074b18,0x00000000e4500000)
  from space 3584K, 64% used [0x00000000e4880000,0x00000000e4ac4010,0x00000000e4c00000)
  to   space 3584K, 0% used [0x00000000e4500000,0x00000000e4500000,0x00000000e4880000)
 ParOldGen       total 60416K, used 591K [0x00000000a8c00000, 0x00000000ac700000, 0x00000000e2f00000)
  object space 60416K, 0% used [0x00000000a8c00000,0x00000000a8c93ca0,0x00000000ac700000)
 Metaspace       used 11592K, capacity 11801K, committed 11904K, reserved 1060864K
  class space    used 972K, capacity 1069K, committed 1152K, reserved 1048576K

Card table byte_map: [0x0000000012720000,0x00000000129e0000] byte_map_base: 0x00000000121da000

Marking Bits: (ParMarkBitMap*) 0x000000006318c720
 Begin Bits: [0x0000000012fc0000, 0x0000000014590000)
 End Bits:   [0x0000000014590000, 0x0000000015b60000)

Polling page: 0x0000000001420000

CodeCache: size=245760Kb used=4271Kb max_used=4282Kb free=241489Kb
 bounds [0x0000000003360000, 0x00000000037a0000, 0x0000000012360000]
 total_blobs=2108 nmethods=1233 adapters=789
 compilation: enabled

Compilation events (10 events):
Event: 4.902 Thread 0x00000000167e8000 1210       3       java.nio.Bits::unreserveMemory (63 bytes)
Event: 4.902 Thread 0x00000000167e8000 nmethod 1210 0x0000000003785850 code [0x00000000037859c0, 0x0000000003785e10]
Event: 4.903 Thread 0x00000000167e8000 1212       3       org.joml.Vector2f::add (22 bytes)
Event: 4.903 Thread 0x00000000167e8000 nmethod 1212 0x0000000003780a50 code [0x0000000003780ba0, 0x0000000003780d10]
Event: 4.903 Thread 0x00000000167e8000 1213       1       org.joml.Vector2f::x (5 bytes)
Event: 4.903 Thread 0x00000000167e8000 nmethod 1213 0x0000000003785590 code [0x00000000037856e0, 0x00000000037857f0]
Event: 4.903 Thread 0x00000000167e8000 1214       1       org.joml.Vector2f::y (5 bytes)
Event: 4.903 Thread 0x00000000167e8000 nmethod 1214 0x00000000037852d0 code [0x0000000003785420, 0x0000000003785530]
Event: 4.903 Thread 0x00000000167e8000 1215       3       entity.Entity::move (228 bytes)
Event: 4.904 Thread 0x00000000167c4800 1219       4       collision.AABB::getCollision (96 bytes)

GC Heap History (4 events):
Event: 3.723 GC heap before
{Heap before GC invocations=1 (full 0):
 PSYoungGen      total 26112K, used 22528K [0x00000000e2f00000, 0x00000000e4c00000, 0x0000000100000000)
  eden space 22528K, 100% used [0x00000000e2f00000,0x00000000e4500000,0x00000000e4500000)
  from space 3584K, 0% used [0x00000000e4880000,0x00000000e4880000,0x00000000e4c00000)
  to   space 3584K, 0% used [0x00000000e4500000,0x00000000e4500000,0x00000000e4880000)
 ParOldGen       total 60416K, used 0K [0x00000000a8c00000, 0x00000000ac700000, 0x00000000e2f00000)
  object space 60416K, 0% used [0x00000000a8c00000,0x00000000a8c00000,0x00000000ac700000)
 Metaspace       used 11337K, capacity 11609K, committed 11904K, reserved 1060864K
  class space    used 968K, capacity 1069K, committed 1152K, reserved 1048576K
Event: 3.733 GC heap after
Heap after GC invocations=1 (full 0):
 PSYoungGen      total 26112K, used 3571K [0x00000000e2f00000, 0x00000000e4c00000, 0x0000000100000000)
  eden space 22528K, 0% used [0x00000000e2f00000,0x00000000e2f00000,0x00000000e4500000)
  from space 3584K, 99% used [0x00000000e4500000,0x00000000e487cfa8,0x00000000e4880000)
  to   space 3584K, 0% used [0x00000000e4880000,0x00000000e4880000,0x00000000e4c00000)
 ParOldGen       total 60416K, used 583K [0x00000000a8c00000, 0x00000000ac700000, 0x00000000e2f00000)
  object space 60416K, 0% used [0x00000000a8c00000,0x00000000a8c91ca0,0x00000000ac700000)
 Metaspace       used 11337K, capacity 11609K, committed 11904K, reserved 1060864K
  class space    used 968K, capacity 1069K, committed 1152K, reserved 1048576K
}
Event: 4.891 GC heap before
{Heap before GC invocations=2 (full 0):
 PSYoungGen      total 26112K, used 26099K [0x00000000e2f00000, 0x00000000e4c00000, 0x0000000100000000)
  eden space 22528K, 100% used [0x00000000e2f00000,0x00000000e4500000,0x00000000e4500000)
  from space 3584K, 99% used [0x00000000e4500000,0x00000000e487cfa8,0x00000000e4880000)
  to   space 3584K, 0% used [0x00000000e4880000,0x00000000e4880000,0x00000000e4c00000)
 ParOldGen       total 60416K, used 583K [0x00000000a8c00000, 0x00000000ac700000, 0x00000000e2f00000)
  object space 60416K, 0% used [0x00000000a8c00000,0x00000000a8c91ca0,0x00000000ac700000)
 Metaspace       used 11581K, capacity 11801K, committed 11904K, reserved 1060864K
  class space    used 972K, capacity 1069K, committed 1152K, reserved 1048576K
Event: 4.899 GC heap after
Heap after GC invocations=2 (full 0):
 PSYoungGen      total 26112K, used 2320K [0x00000000e2f00000, 0x00000000e4c00000, 0x0000000100000000)
  eden space 22528K, 0% used [0x00000000e2f00000,0x00000000e2f00000,0x00000000e4500000)
  from space 3584K, 64% used [0x00000000e4880000,0x00000000e4ac4010,0x00000000e4c00000)
  to   space 3584K, 0% used [0x00000000e4500000,0x00000000e4500000,0x00000000e4880000)
 ParOldGen       total 60416K, used 591K [0x00000000a8c00000, 0x00000000ac700000, 0x00000000e2f00000)
  object space 60416K, 0% used [0x00000000a8c00000,0x00000000a8c93ca0,0x00000000ac700000)
 Metaspace       used 11581K, capacity 11801K, committed 11904K, reserved 1060864K
  class space    used 972K, capacity 1069K, committed 1152K, reserved 1048576K
}

Deoptimization events (2 events):
Event: 4.648 Thread 0x000000000189e000 Uncommon trap: reason=unstable_if action=reinterpret pc=0x0000000003700ac0 method=java.io.BufferedInputStream.read1([BII)I @ 68
Event: 4.648 Thread 0x000000000189e000 Uncommon trap: reason=unstable_if action=reinterpret pc=0x0000000003701570 method=java.io.BufferedInputStream.read1([BII)I @ 68

Internal exceptions (10 events):
Event: 0.760 Thread 0x000000000189e000 Exception <a 'java/lang/NoSuchMethodError': java.lang.Object.lambda$static$0(Ljava/lang/String;)Ljava/lang/Boolean;> (0x00000000e31210b0) thrown at [C:\re\workspace\8-2-build-windows-amd64-cygwin\jdk8u131\8869\hotspot\src\share\vm\interpreter\linkResolver
Event: 0.844 Thread 0x000000000189e000 Exception <a 'java/lang/NoSuchFieldError': method resolution failed> (0x00000000e3199328) thrown at [C:\re\workspace\8-2-build-windows-amd64-cygwin\jdk8u131\8869\hotspot\src\share\vm\prims\methodHandles.cpp, line 1146]
Event: 0.863 Thread 0x000000000189e000 Exception <a 'java/lang/NoSuchFieldError': method resolution failed> (0x00000000e31a6740) thrown at [C:\re\workspace\8-2-build-windows-amd64-cygwin\jdk8u131\8869\hotspot\src\share\vm\prims\methodHandles.cpp, line 1146]
Event: 1.218 Thread 0x000000000189e000 Exception <a 'java/security/PrivilegedActionException'> (0x00000000e3343848) thrown at [C:\re\workspace\8-2-build-windows-amd64-cygwin\jdk8u131\8869\hotspot\src\share\vm\prims\jvm.cpp, line 1390]
Event: 1.218 Thread 0x000000000189e000 Exception <a 'java/security/PrivilegedActionException'> (0x00000000e3343a58) thrown at [C:\re\workspace\8-2-build-windows-amd64-cygwin\jdk8u131\8869\hotspot\src\share\vm\prims\jvm.cpp, line 1390]
Event: 1.231 Thread 0x000000000189e000 Exception <a 'java/security/PrivilegedActionException'> (0x00000000e33478b0) thrown at [C:\re\workspace\8-2-build-windows-amd64-cygwin\jdk8u131\8869\hotspot\src\share\vm\prims\jvm.cpp, line 1390]
Event: 1.231 Thread 0x000000000189e000 Exception <a 'java/security/PrivilegedActionException'> (0x00000000e3347ac0) thrown at [C:\re\workspace\8-2-build-windows-amd64-cygwin\jdk8u131\8869\hotspot\src\share\vm\prims\jvm.cpp, line 1390]
Event: 2.249 Thread 0x000000000189e000 Exception <a 'sun/nio/fs/WindowsException'> (0x00000000e353a0d8) thrown at [C:\re\workspace\8-2-build-windows-amd64-cygwin\jdk8u131\8869\hotspot\src\share\vm\prims\jni.cpp, line 709]
Event: 2.250 Thread 0x000000000189e000 Exception <a 'sun/nio/fs/WindowsException'> (0x00000000e353a910) thrown at [C:\re\workspace\8-2-build-windows-amd64-cygwin\jdk8u131\8869\hotspot\src\share\vm\prims\jni.cpp, line 709]
Event: 3.349 Thread 0x000000000189e000 Exception <a 'java/io/FileNotFoundException'> (0x00000000e3f35ed0) thrown at [C:\re\workspace\8-2-build-windows-amd64-cygwin\jdk8u131\8869\hotspot\src\share\vm\prims\jni.cpp, line 709]

Events (10 events):
Event: 4.906 Executing VM operation: RevokeBias
Event: 4.906 Executing VM operation: RevokeBias done
Event: 4.906 Executing VM operation: RevokeBias
Event: 4.906 Executing VM operation: RevokeBias done
Event: 4.906 Executing VM operation: RevokeBias
Event: 4.907 Executing VM operation: RevokeBias done
Event: 4.907 Executing VM operation: BulkRevokeBias
Event: 4.907 Executing VM operation: BulkRevokeBias done
Event: 4.907 Executing VM operation: RevokeBias
Event: 4.907 Executing VM operation: RevokeBias done


Dynamic libraries:
0x00007ff6aabe0000 - 0x00007ff6aac17000 	C:\Program Files\Java\jre1.8.0_131\bin\javaw.exe
0x00007fff9b2c0000 - 0x00007fff9b49b000 	C:\WINDOWS\SYSTEM32\ntdll.dll
0x00007fff9b0a0000 - 0x00007fff9b14e000 	C:\WINDOWS\System32\KERNEL32.DLL
0x00007fff984d0000 - 0x00007fff98719000 	C:\WINDOWS\System32\KERNELBASE.dll
0x00007fff9ade0000 - 0x00007fff9ae81000 	C:\WINDOWS\System32\ADVAPI32.dll
0x00007fff9aef0000 - 0x00007fff9af8d000 	C:\WINDOWS\System32\msvcrt.dll
0x00007fff9ac70000 - 0x00007fff9acc9000 	C:\WINDOWS\System32\sechost.dll
0x00007fff9b150000 - 0x00007fff9b275000 	C:\WINDOWS\System32\RPCRT4.dll
0x00007fff9a820000 - 0x00007fff9a96a000 	C:\WINDOWS\System32\USER32.dll
0x00007fff97ab0000 - 0x00007fff97ace000 	C:\WINDOWS\System32\win32u.dll
0x00007fff98820000 - 0x00007fff98847000 	C:\WINDOWS\System32\GDI32.dll
0x00007fff97ad0000 - 0x00007fff97c57000 	C:\WINDOWS\System32\gdi32full.dll
0x00007fff97840000 - 0x00007fff978da000 	C:\WINDOWS\System32\msvcp_win.dll
0x00007fff97cd0000 - 0x00007fff97dc6000 	C:\WINDOWS\System32\ucrtbase.dll
0x00007fff8f8e0000 - 0x00007fff8fb47000 	C:\WINDOWS\WinSxS\amd64_microsoft.windows.common-controls_6595b64144ccf1df_6.0.15063.483_none_26002d27e7c744a2\COMCTL32.dll
0x00007fff9a970000 - 0x00007fff9ac69000 	C:\WINDOWS\System32\combase.dll
0x00007fff97c60000 - 0x00007fff97cca000 	C:\WINDOWS\System32\bcryptPrimitives.dll
0x00007fff9b280000 - 0x00007fff9b2ad000 	C:\WINDOWS\System32\IMM32.DLL
0x0000000064220000 - 0x00000000642f2000 	C:\Program Files\Java\jre1.8.0_131\bin\msvcr100.dll
0x0000000062970000 - 0x000000006320c000 	C:\Program Files\Java\jre1.8.0_131\bin\server\jvm.dll
0x00007fff9a150000 - 0x00007fff9a158000 	C:\WINDOWS\System32\PSAPI.DLL
0x00007fff8b600000 - 0x00007fff8b609000 	C:\WINDOWS\SYSTEM32\WSOCK32.dll
0x00007fff922c0000 - 0x00007fff922ca000 	C:\WINDOWS\SYSTEM32\VERSION.dll
0x00007fff92ce0000 - 0x00007fff92d03000 	C:\WINDOWS\SYSTEM32\WINMM.dll
0x00007fff9acd0000 - 0x00007fff9ad3c000 	C:\WINDOWS\System32\WS2_32.dll
0x00007fff92c80000 - 0x00007fff92cab000 	C:\WINDOWS\SYSTEM32\winmmbase.dll
0x00007fff98720000 - 0x00007fff98769000 	C:\WINDOWS\System32\cfgmgr32.dll
0x0000000064650000 - 0x000000006465f000 	C:\Program Files\Java\jre1.8.0_131\bin\verify.dll
0x0000000064620000 - 0x0000000064649000 	C:\Program Files\Java\jre1.8.0_131\bin\java.dll
0x0000000064600000 - 0x0000000064616000 	C:\Program Files\Java\jre1.8.0_131\bin\zip.dll
0x00007fff98c00000 - 0x00007fff9a036000 	C:\WINDOWS\System32\SHELL32.dll
0x00007fff9aff0000 - 0x00007fff9b09a000 	C:\WINDOWS\System32\shcore.dll
0x00007fff97dd0000 - 0x00007fff984c1000 	C:\WINDOWS\System32\windows.storage.dll
0x00007fff9af90000 - 0x00007fff9afe1000 	C:\WINDOWS\System32\shlwapi.dll
0x00007fff977a0000 - 0x00007fff977b1000 	C:\WINDOWS\System32\kernel.appcore.dll
0x00007fff97750000 - 0x00007fff9779c000 	C:\WINDOWS\System32\powrprof.dll
0x00007fff977c0000 - 0x00007fff977d5000 	C:\WINDOWS\System32\profapi.dll
0x00000000645e0000 - 0x00000000645fa000 	C:\Program Files\Java\jre1.8.0_131\bin\net.dll
0x00007fff96fe0000 - 0x00007fff9703c000 	C:\WINDOWS\system32\mswsock.dll
0x00000000645c0000 - 0x00000000645d1000 	C:\Program Files\Java\jre1.8.0_131\bin\nio.dll
0x00007fff85e10000 - 0x00007fff85e68000 	C:\Users\Craft Kids\AppData\Local\Temp\lwjglCraft Kids\3.1.4-SNAPSHOT\lwjgl.dll
0x00007fff84270000 - 0x00007fff842bd000 	C:\Users\CRAFTK~1\AppData\Local\Temp\lwjglCraft Kids\3.1.4-SNAPSHOT\glfw.dll
0x00007fff96010000 - 0x00007fff960a5000 	C:\WINDOWS\system32\uxtheme.dll
0x00007fff84220000 - 0x00007fff84262000 	C:\WINDOWS\SYSTEM32\dinput8.dll
0x00007fff87a20000 - 0x00007fff87a2e000 	C:\WINDOWS\SYSTEM32\xinput1_4.dll
0x00007fff96390000 - 0x00007fff963b8000 	C:\WINDOWS\SYSTEM32\DEVOBJ.dll
0x00007fff92fb0000 - 0x00007fff92fda000 	C:\WINDOWS\SYSTEM32\dwmapi.dll
0x00007fff9a5a0000 - 0x00007fff9a706000 	C:\WINDOWS\System32\MSCTF.dll
0x00007fff989f0000 - 0x00007fff98ab0000 	C:\WINDOWS\System32\OLEAUT32.dll
0x00007fff965f0000 - 0x00007fff965fd000 	C:\WINDOWS\SYSTEM32\HID.DLL
0x00007fff9a160000 - 0x00007fff9a59b000 	C:\WINDOWS\System32\SETUPAPI.DLL
0x00007fff977e0000 - 0x00007fff97836000 	C:\WINDOWS\System32\WINTRUST.dll
0x00007fff97730000 - 0x00007fff97741000 	C:\WINDOWS\System32\MSASN1.dll
0x00007fff978e0000 - 0x00007fff97aa9000 	C:\WINDOWS\System32\CRYPT32.dll
0x00007fff7ca60000 - 0x00007fff7cb81000 	C:\WINDOWS\SYSTEM32\opengl32.dll
0x00007fff8fdd0000 - 0x00007fff8fdfc000 	C:\WINDOWS\SYSTEM32\GLU32.dll
0x00007fff866f0000 - 0x00007fff86708000 	C:\WINDOWS\SYSTEM32\atig6pxx.dll
0x0000000060b70000 - 0x000000006296c000 	C:\WINDOWS\SYSTEM32\atio6axx.dll
0x00007fff817b0000 - 0x00007fff818f1000 	C:\WINDOWS\SYSTEM32\atiadlxx.dll
0x00007fff98ab0000 - 0x00007fff98bf5000 	C:\WINDOWS\System32\ole32.dll
0x00007fff94750000 - 0x00007fff94763000 	C:\WINDOWS\SYSTEM32\WTSAPI32.dll
0x00007fff97660000 - 0x00007fff97689000 	C:\WINDOWS\SYSTEM32\USERENV.dll
0x00007fff96d80000 - 0x00007fff96db7000 	C:\WINDOWS\SYSTEM32\IPHLPAPI.DLL
0x00007fff939f0000 - 0x00007fff93b86000 	C:\WINDOWS\SYSTEM32\PROPSYS.dll
0x00007fff84510000 - 0x00007fff8453c000 	C:\WINDOWS\SYSTEM32\atig6txx.dll
0x00007fff8e410000 - 0x00007fff8e492000 	C:\WINDOWS\System32\TextInputFramework.dll
0x00007fff92660000 - 0x00007fff92932000 	C:\WINDOWS\System32\CoreUIComponents.dll
0x00007fff95820000 - 0x00007fff95903000 	C:\WINDOWS\System32\CoreMessaging.dll
0x00007fff96940000 - 0x00007fff96971000 	C:\WINDOWS\SYSTEM32\ntmarta.dll
0x00007fff93bd0000 - 0x00007fff93d09000 	C:\WINDOWS\SYSTEM32\wintypes.dll
0x00007fff93f30000 - 0x00007fff93f45000 	C:\WINDOWS\SYSTEM32\usermgrcli.dll
0x00007fff83880000 - 0x00007fff838df000 	C:\Users\Craft Kids\AppData\Local\Temp\lwjglCraft Kids\3.1.4-SNAPSHOT\lwjgl_opengl.dll
0x0000000064420000 - 0x00000000645b8000 	C:\Program Files\Java\jre1.8.0_131\bin\awt.dll
0x00007fff95e10000 - 0x00007fff95e8e000 	C:\WINDOWS\SYSTEM32\apphelp.dll
0x00007fff9ad40000 - 0x00007fff9adde000 	C:\WINDOWS\System32\clbcatq.dll
0x00007fff91030000 - 0x00007fff911d9000 	C:\WINDOWS\SYSTEM32\dbghelp.dll

VM Arguments:
jvm_args: -Dfile.encoding=Cp1252 
java_command: main.Main
java_class_path (initial): C:\Users\Craft Kids\git\SwarmEngine\bin;C:\Users\Craft Kids\git\SwarmEngine\lib\joml-1.9.4-javadoc.jar;C:\Users\Craft Kids\git\SwarmEngine\lib\joml-1.9.4-sources.jar;C:\Users\Craft Kids\git\SwarmEngine\lib\joml-1.9.4.jar;C:\Users\Craft Kids\git\SwarmEngine\lib\lwjgl-assimp-javadoc.jar;C:\Users\Craft Kids\git\SwarmEngine\lib\lwjgl-assimp-natives-linux.jar;C:\Users\Craft Kids\git\SwarmEngine\lib\lwjgl-assimp-natives-macos.jar;C:\Users\Craft Kids\git\SwarmEngine\lib\lwjgl-assimp-natives-windows.jar;C:\Users\Craft Kids\git\SwarmEngine\lib\lwjgl-assimp-sources.jar;C:\Users\Craft Kids\git\SwarmEngine\lib\lwjgl-assimp.jar;C:\Users\Craft Kids\git\SwarmEngine\lib\lwjgl-glfw-javadoc.jar;C:\Users\Craft Kids\git\SwarmEngine\lib\lwjgl-glfw-natives-linux.jar;C:\Users\Craft Kids\git\SwarmEngine\lib\lwjgl-glfw-natives-macos.jar;C:\Users\Craft Kids\git\SwarmEngine\lib\lwjgl-glfw-natives-windows.jar;C:\Users\Craft Kids\git\SwarmEngine\lib\lwjgl-glfw-sources.jar;C:\Users\Craft Kids\git\SwarmEngine\lib\lwjgl-glfw.jar;C:\Users\Craft Kids\git\SwarmEngine\lib\lwjgl-javadoc.jar;C:\Users\Craft Kids\git\SwarmEngine\lib\lwjgl-openal-javadoc.jar;C:\Users\Craft Kids\git\SwarmEngine\lib\lwjgl-openal-natives-linux.jar;C:\Users\Craft Kids\git\SwarmEngine\lib\lwjgl-openal-natives-macos.jar;C:\Users\Craft Kids\git\SwarmEngine\lib\lwjgl-openal-natives-windows.jar;C:\Users\Craft Kids\git\SwarmEngine\lib\lwjgl-openal-sources.jar;C:\Users\Craft Kids\git\SwarmEngine\lib\lwjgl-openal.jar;C:\Users\Craft Kids\git\SwarmEngine\lib\lwjgl-opengl-javadoc.jar;C:\Users\Craft Kids\git\SwarmEngine\lib\lwjgl-opengl-natives-linux.jar;C:\Users\Craft Kids\git\SwarmEngine\lib\lwjgl-opengl-natives-macos.jar;C:\Users\Craft Kids\git\SwarmEngine\lib\lwjgl-opengl-natives-windows.jar;C:\Users\Craft Kids\git\SwarmEngine\lib\lwjgl-opengl-sources.jar;C:\Users\Craft Kids\git\SwarmEngine\lib\lwjgl-opengl.jar;C:\Users\Craft Kids\git\SwarmEngine\lib\lwjgl-stb-javadoc.jar;C:\Users\Craft Kids\git\SwarmEngin
Launcher Type: SUN_STANDARD

Environment Variables:
PATH=C:/Program Files/Java/jre1.8.0_131/bin/server;C:/Program Files/Java/jre1.8.0_131/bin;C:/Program Files/Java/jre1.8.0_131/lib/amd64;C:\ProgramData\Oracle\Java\javapath;C:\WINDOWS\system32;C:\WINDOWS;C:\WINDOWS\System32\Wbem;C:\WINDOWS\System32\WindowsPowerShell\v1.0\;c:\Program Files (x86)\ATI Technologies\ATI.ACE\Core-Static;C:\Program Files\Hewlett-Packard\SimplePass\;C:\Program Files (x86)\Windows Live\Shared;C:\Program Files (x86)\Common Files\Roxio Shared\DLLShared\;C:\Users\Craft Kids\AppData\Local\Microsoft\WindowsApps;;C:\Users\Craft Kids\Desktop;
USERNAME=Craft Kids
OS=Windows_NT
PROCESSOR_IDENTIFIER=AMD64 Family 22 Model 0 Stepping 1, AuthenticAMD



---------------  S Y S T E M  ---------------

OS: Windows 10.0 , 64 bit Build 15063 (10.0.15063.296)

CPU:total 4 (initial active 4) (4 cores per cpu, 1 threads per core) family 22 model 0 stepping 1, cmov, cx8, fxsr, mmx, sse, sse2, sse3, ssse3, sse4.1, sse4.2, popcnt, avx, aes, clmul, mmxext, 3dnowpref, lzcnt, sse4a, tsc, tscinvbit, tscinv, bmi1

Memory: 4k page, physical 5714524k(1842312k free), swap 6632028k(1236532k free)

vm_info: Java HotSpot(TM) 64-Bit Server VM (25.131-b11) for windows-amd64 JRE (1.8.0_131-b11), built on Mar 15 2017 01:23:53 by "java_re" with MS VC++ 10.0 (VS2010)

time: Fri Oct 27 18:16:33 2017
elapsed time: 4 seconds (0d 0h 0m 4s)

